{
    "school": "schoolA",
    "name":"hong1",
    "gender":"male",
    "age": 21,
    "regDate": "2018-10-01 10:00:00",
    "student": {
        "level": 1,
        "english":"A",
        "math":"B"
    }
}
{
    "school": "schoolB",
    "name":"hong2",
    "gender":"female",
    "age": 22,
    "regDate": "2018-10-02 10:00:00",
    "student": {
        "level": 2,
        "english":"B",
        "math":"A"
    }
}
{
    "school": "schoolC",
    "name":"hong3",
    "gender":"female",
    "age": 23,
    "regDate": "2018-10-03 10:00:00",
    "student": {
        "level": 3,
        "english":"A",
        "math":"B"
    }
}