{
    "school": "schoolA",
    "name":"kim1",
    "gender":"male",
    "age": 40,
    "regDate": "2018-10-01 10:00:00",
    "teacher": {
        "subject": "english",
        "career":12
    }
},
{
    "school": "schoolB",
    "name":"kim2",
    "gender":"female",
    "age": 41,
    "regDate": "2018-10-02 10:00:00",
    "teacher": {
        "subject": "math",
        "career":15
    }
}
{
    "school": "schoolC",
    "name":"kim3",
    "gender":"female",
    "age": 42,
    "regDate": "2018-10-03 10:00:00",
    "teacher": {
        "subject": "english",
        "career":16
    }
}